0 info it worked if it ends with ok
1 verbose cli [ '/usr/bin/node',
1 verbose cli   '/usr/bin/npm',
1 verbose cli   'install',
1 verbose cli   'bootstrap',
1 verbose cli   '--save',
1 verbose cli   'bootstrap' ]
2 info using npm@1.4.28
3 info using node@v0.10.33
4 verbose node symlink /usr/bin/node
5 warn package.json @ No description
6 warn package.json @ No repository field.
7 warn package.json @ No README data
8 verbose readDependencies using package.json deps
9 verbose cache add [ 'bootstrap', null ]
10 verbose cache add name=undefined spec="bootstrap" args=["bootstrap",null]
11 verbose parsed url { protocol: null,
11 verbose parsed url   slashes: null,
11 verbose parsed url   auth: null,
11 verbose parsed url   host: null,
11 verbose parsed url   port: null,
11 verbose parsed url   hostname: null,
11 verbose parsed url   hash: null,
11 verbose parsed url   search: null,
11 verbose parsed url   query: null,
11 verbose parsed url   pathname: 'bootstrap',
11 verbose parsed url   path: 'bootstrap',
11 verbose parsed url   href: 'bootstrap' }
12 verbose cache add [ 'bootstrap', null ]
13 verbose cache add name=undefined spec="bootstrap" args=["bootstrap",null]
14 verbose parsed url { protocol: null,
14 verbose parsed url   slashes: null,
14 verbose parsed url   auth: null,
14 verbose parsed url   host: null,
14 verbose parsed url   port: null,
14 verbose parsed url   hostname: null,
14 verbose parsed url   hash: null,
14 verbose parsed url   search: null,
14 verbose parsed url   query: null,
14 verbose parsed url   pathname: 'bootstrap',
14 verbose parsed url   path: 'bootstrap',
14 verbose parsed url   href: 'bootstrap' }
15 silly lockFile 3c71cc99-bootstrap bootstrap
16 verbose lock bootstrap /home/vagrant/.npm/3c71cc99-bootstrap.lock
17 silly lockFile 3c71cc99-bootstrap bootstrap
18 verbose lock bootstrap /home/vagrant/.npm/3c71cc99-bootstrap.lock
19 silly lockFile 3c71cc99-bootstrap bootstrap
20 silly lockFile 3c71cc99-bootstrap bootstrap
21 verbose addNamed [ 'bootstrap', '' ]
22 verbose addNamed [ null, '*' ]
23 silly lockFile 2571d98f-bootstrap bootstrap@
24 verbose lock bootstrap@ /home/vagrant/.npm/2571d98f-bootstrap.lock
25 silly addNameRange { name: 'bootstrap', range: '*', hasData: false }
26 verbose request where is /bootstrap
27 verbose request registry https://registry.npmjs.org/
28 verbose request id 8c3fcf29c8f1c9dd
29 verbose url raw /bootstrap
30 verbose url resolving [ 'https://registry.npmjs.org/', './bootstrap' ]
31 verbose url resolved https://registry.npmjs.org/bootstrap
32 verbose request where is https://registry.npmjs.org/bootstrap
33 info trying registry request attempt 1 at 13:45:28
34 http GET https://registry.npmjs.org/bootstrap
35 silly lockFile 3c71cc99-bootstrap bootstrap
36 silly lockFile 3c71cc99-bootstrap bootstrap
37 verbose addNamed [ 'bootstrap', '' ]
38 http 200 https://registry.npmjs.org/bootstrap
39 silly registry.get cb [ 200,
39 silly registry.get   { date: 'Mon, 23 Feb 2015 13:44:43 GMT',
39 silly registry.get     server: 'CouchDB/1.6.1 (Erlang OTP/R14B04)',
39 silly registry.get     etag: '"2X221GNR34OGCO8ZO53GXAQG1"',
39 silly registry.get     'content-type': 'application/json',
39 silly registry.get     'cache-control': 'max-age=60',
39 silly registry.get     'content-length': '20996',
39 silly registry.get     'accept-ranges': 'bytes',
39 silly registry.get     via: '1.1 varnish',
39 silly registry.get     age: '26',
39 silly registry.get     'x-served-by': 'cache-ams4148-AMS',
39 silly registry.get     'x-cache': 'HIT',
39 silly registry.get     'x-cache-hits': '2',
39 silly registry.get     'x-timer': 'S1424699083.421800,VS0,VE0',
39 silly registry.get     vary: 'Accept',
39 silly registry.get     'keep-alive': 'timeout=10, max=50',
39 silly registry.get     connection: 'Keep-Alive' } ]
40 silly addNameRange number 2 { name: 'bootstrap', range: '*', hasData: true }
41 silly addNameRange versions [ 'bootstrap',
41 silly addNameRange   [ '0.0.1', '0.0.2', '3.1.1', '3.2.0', '3.3.0', '3.3.1', '3.3.2' ] ]
42 verbose addNamed [ 'bootstrap', '3.3.2' ]
43 verbose addNamed [ '3.3.2', '3.3.2' ]
44 silly lockFile f16b9f02-bootstrap-3-3-2 bootstrap@3.3.2
45 verbose lock bootstrap@3.3.2 /home/vagrant/.npm/f16b9f02-bootstrap-3-3-2.lock
46 silly lockFile a81129cf-rg-bootstrap-bootstrap-3-3-2-tgz https://registry.npmjs.org/bootstrap/-/bootstrap-3.3.2.tgz
47 verbose lock https://registry.npmjs.org/bootstrap/-/bootstrap-3.3.2.tgz /home/vagrant/.npm/a81129cf-rg-bootstrap-bootstrap-3-3-2-tgz.lock
48 verbose addRemoteTarball [ 'https://registry.npmjs.org/bootstrap/-/bootstrap-3.3.2.tgz',
48 verbose addRemoteTarball   '43b0283dfb2ac83b12cd3dc1f4238f5042ed02cc' ]
49 info retry fetch attempt 1 at 13:45:29
50 verbose fetch to= /tmp/npm-4579-GBBEKjwJ/registry.npmjs.org/bootstrap/-/bootstrap-3.3.2.tgz
51 http GET https://registry.npmjs.org/bootstrap/-/bootstrap-3.3.2.tgz
52 http 200 https://registry.npmjs.org/bootstrap/-/bootstrap-3.3.2.tgz
53 silly lockFile a81129cf-rg-bootstrap-bootstrap-3-3-2-tgz https://registry.npmjs.org/bootstrap/-/bootstrap-3.3.2.tgz
54 silly lockFile a81129cf-rg-bootstrap-bootstrap-3-3-2-tgz https://registry.npmjs.org/bootstrap/-/bootstrap-3.3.2.tgz
55 silly lockFile f16b9f02-bootstrap-3-3-2 bootstrap@3.3.2
56 silly lockFile f16b9f02-bootstrap-3-3-2 bootstrap@3.3.2
57 silly lockFile 2571d98f-bootstrap bootstrap@
58 silly lockFile 2571d98f-bootstrap bootstrap@
59 error Error: shasum check failed for /tmp/npm-4579-GBBEKjwJ/registry.npmjs.org/bootstrap/-/bootstrap-3.3.2.tgz
59 error Expected: 43b0283dfb2ac83b12cd3dc1f4238f5042ed02cc
59 error Actual:   e9fec621257128e4bc89cf878b4a68d28f5c61d7
59 error From:     https://registry.npmjs.org/bootstrap/-/bootstrap-3.3.2.tgz
59 error     at /usr/lib/node_modules/npm/node_modules/sha/index.js:38:8
59 error     at ReadStream.<anonymous> (/usr/lib/node_modules/npm/node_modules/sha/index.js:85:7)
59 error     at ReadStream.emit (events.js:117:20)
59 error     at _stream_readable.js:943:16
59 error     at process._tickCallback (node.js:419:13)
60 error If you need help, you may report this *entire* log,
60 error including the npm and node versions, at:
60 error     <http://github.com/npm/npm/issues>
61 error System Linux 3.13.0-30-generic
62 error command "/usr/bin/node" "/usr/bin/npm" "install" "bootstrap" "--save" "bootstrap"
63 error cwd /home/vagrant/code/bootcamp-app
64 error node -v v0.10.33
65 error npm -v 1.4.28
66 verbose exit [ 1, true ]
